C:\USERS\YATCH\DOCUMENTS\VISUAL STUDIO 2012\PROJECTS\SUPER MARIO KART\SUPER MARIO KART\DEBUG\MAIN.OBJ
C:\USERS\YATCH\DOCUMENTS\VISUAL STUDIO 2012\PROJECTS\SUPER MARIO KART\SUPER MARIO KART\DEBUG\VC110.PDB
C:\USERS\YATCH\DOCUMENTS\VISUAL STUDIO 2012\PROJECTS\SUPER MARIO KART\SUPER MARIO KART\DEBUG\SAMPLELISTENER.OBJ
C:\USERS\YATCH\DESKTOP\MHACKSV\MARIOCART\LEAPMOTION\SUPER MARIO KART\SUPER MARIO KART\DEBUG\MAIN.OBJ
C:\USERS\YATCH\DESKTOP\MHACKSV\MARIOCART\LEAPMOTION\SUPER MARIO KART\SUPER MARIO KART\DEBUG\VC110.PDB
C:\USERS\YATCH\DESKTOP\MHACKSV\MARIOCART\LEAPMOTION\SUPER MARIO KART\SUPER MARIO KART\DEBUG\SAMPLELISTENER.OBJ
C:\USERS\YATCH\DESKTOP\MHACKSV\MARIOCART\LEAPMOTION\SUPER MARIO KART\SUPER MARIO KART\DEBUG\KEYBOARD.OBJ
C:\USERS\YATCH\DESKTOP\MHACKSV\MARIOCART\LEAPMOTION\SUPER MARIO KART\SUPER MARIO KART\DEBUG\PLAYER.OBJ
C:\USERS\YATCH\DOCUMENTS\VISUAL STUDIO 2012\PROJECTS\SUPER MARIO KART\DEBUG\SUPER MARIO KART.ILK
C:\USERS\YATCH\DOCUMENTS\VISUAL STUDIO 2012\PROJECTS\SUPER MARIO KART\DEBUG\SUPER MARIO KART.EXE
C:\USERS\YATCH\DOCUMENTS\VISUAL STUDIO 2012\PROJECTS\SUPER MARIO KART\DEBUG\SUPER MARIO KART.PDB
C:\USERS\YATCH\DESKTOP\MHACKSV\MARIOCART\LEAPMOTION\SUPER MARIO KART\DEBUG\SUPER MARIO KART.ILK
C:\USERS\YATCH\DESKTOP\MHACKSV\MARIOCART\LEAPMOTION\SUPER MARIO KART\DEBUG\SUPER MARIO KART.EXE
C:\USERS\YATCH\DESKTOP\MHACKSV\MARIOCART\LEAPMOTION\SUPER MARIO KART\DEBUG\SUPER MARIO KART.PDB
C:\Users\Yatch\Desktop\MHacksV\MarioCart\leapmotion\Super Mario Kart\Super Mario Kart\Debug\Keyboard.obj
C:\Users\Yatch\Desktop\MHacksV\MarioCart\leapmotion\Super Mario Kart\Super Mario Kart\Debug\main.obj
C:\Users\Yatch\Desktop\MHacksV\MarioCart\leapmotion\Super Mario Kart\Super Mario Kart\Debug\player.obj
C:\Users\Yatch\Desktop\MHacksV\MarioCart\leapmotion\Super Mario Kart\Super Mario Kart\Debug\SampleListener.obj
C:\Users\Yatch\Desktop\MHacksV\MarioCart\leapmotion\Super Mario Kart\Super Mario Kart\Debug\cl.command.1.tlog
C:\Users\Yatch\Desktop\MHacksV\MarioCart\leapmotion\Super Mario Kart\Super Mario Kart\Debug\CL.read.1.tlog
C:\Users\Yatch\Desktop\MHacksV\MarioCart\leapmotion\Super Mario Kart\Super Mario Kart\Debug\CL.write.1.tlog
C:\Users\Yatch\Desktop\MHacksV\MarioCart\leapmotion\Super Mario Kart\Super Mario Kart\Debug\link-cvtres.read.1.tlog
C:\Users\Yatch\Desktop\MHacksV\MarioCart\leapmotion\Super Mario Kart\Super Mario Kart\Debug\link-cvtres.write.1.tlog
C:\Users\Yatch\Desktop\MHacksV\MarioCart\leapmotion\Super Mario Kart\Super Mario Kart\Debug\link-rc.read.1.tlog
C:\Users\Yatch\Desktop\MHacksV\MarioCart\leapmotion\Super Mario Kart\Super Mario Kart\Debug\link-rc.write.1.tlog
C:\Users\Yatch\Desktop\MHacksV\MarioCart\leapmotion\Super Mario Kart\Super Mario Kart\Debug\link.1148-cvtres.read.1.tlog
C:\Users\Yatch\Desktop\MHacksV\MarioCart\leapmotion\Super Mario Kart\Super Mario Kart\Debug\link.1148-cvtres.write.1.tlog
C:\Users\Yatch\Desktop\MHacksV\MarioCart\leapmotion\Super Mario Kart\Super Mario Kart\Debug\link.1148-rc.read.1.tlog
C:\Users\Yatch\Desktop\MHacksV\MarioCart\leapmotion\Super Mario Kart\Super Mario Kart\Debug\link.1148-rc.write.1.tlog
C:\Users\Yatch\Desktop\MHacksV\MarioCart\leapmotion\Super Mario Kart\Super Mario Kart\Debug\link.1148.read.1.tlog
C:\Users\Yatch\Desktop\MHacksV\MarioCart\leapmotion\Super Mario Kart\Super Mario Kart\Debug\link.1148.write.1.tlog
C:\Users\Yatch\Desktop\MHacksV\MarioCart\leapmotion\Super Mario Kart\Super Mario Kart\Debug\link.196-cvtres.read.1.tlog
C:\Users\Yatch\Desktop\MHacksV\MarioCart\leapmotion\Super Mario Kart\Super Mario Kart\Debug\link.196-cvtres.write.1.tlog
C:\Users\Yatch\Desktop\MHacksV\MarioCart\leapmotion\Super Mario Kart\Super Mario Kart\Debug\link.196-rc.read.1.tlog
C:\Users\Yatch\Desktop\MHacksV\MarioCart\leapmotion\Super Mario Kart\Super Mario Kart\Debug\link.196-rc.write.1.tlog
C:\Users\Yatch\Desktop\MHacksV\MarioCart\leapmotion\Super Mario Kart\Super Mario Kart\Debug\link.196.read.1.tlog
C:\Users\Yatch\Desktop\MHacksV\MarioCart\leapmotion\Super Mario Kart\Super Mario Kart\Debug\link.196.write.1.tlog
C:\Users\Yatch\Desktop\MHacksV\MarioCart\leapmotion\Super Mario Kart\Super Mario Kart\Debug\link.2144-cvtres.read.1.tlog
C:\Users\Yatch\Desktop\MHacksV\MarioCart\leapmotion\Super Mario Kart\Super Mario Kart\Debug\link.2144-cvtres.write.1.tlog
C:\Users\Yatch\Desktop\MHacksV\MarioCart\leapmotion\Super Mario Kart\Super Mario Kart\Debug\link.2144-rc.read.1.tlog
C:\Users\Yatch\Desktop\MHacksV\MarioCart\leapmotion\Super Mario Kart\Super Mario Kart\Debug\link.2144-rc.write.1.tlog
C:\Users\Yatch\Desktop\MHacksV\MarioCart\leapmotion\Super Mario Kart\Super Mario Kart\Debug\link.2144.read.1.tlog
C:\Users\Yatch\Desktop\MHacksV\MarioCart\leapmotion\Super Mario Kart\Super Mario Kart\Debug\link.2144.write.1.tlog
C:\Users\Yatch\Desktop\MHacksV\MarioCart\leapmotion\Super Mario Kart\Super Mario Kart\Debug\link.3520-cvtres.read.1.tlog
C:\Users\Yatch\Desktop\MHacksV\MarioCart\leapmotion\Super Mario Kart\Super Mario Kart\Debug\link.3520-cvtres.write.1.tlog
C:\Users\Yatch\Desktop\MHacksV\MarioCart\leapmotion\Super Mario Kart\Super Mario Kart\Debug\link.3520-rc.read.1.tlog
C:\Users\Yatch\Desktop\MHacksV\MarioCart\leapmotion\Super Mario Kart\Super Mario Kart\Debug\link.3520-rc.write.1.tlog
C:\Users\Yatch\Desktop\MHacksV\MarioCart\leapmotion\Super Mario Kart\Super Mario Kart\Debug\link.3520.read.1.tlog
C:\Users\Yatch\Desktop\MHacksV\MarioCart\leapmotion\Super Mario Kart\Super Mario Kart\Debug\link.3520.write.1.tlog
C:\Users\Yatch\Desktop\MHacksV\MarioCart\leapmotion\Super Mario Kart\Super Mario Kart\Debug\link.4360-cvtres.read.1.tlog
C:\Users\Yatch\Desktop\MHacksV\MarioCart\leapmotion\Super Mario Kart\Super Mario Kart\Debug\link.4360-cvtres.write.1.tlog
C:\Users\Yatch\Desktop\MHacksV\MarioCart\leapmotion\Super Mario Kart\Super Mario Kart\Debug\link.4360-rc.read.1.tlog
C:\Users\Yatch\Desktop\MHacksV\MarioCart\leapmotion\Super Mario Kart\Super Mario Kart\Debug\link.4360-rc.write.1.tlog
C:\Users\Yatch\Desktop\MHacksV\MarioCart\leapmotion\Super Mario Kart\Super Mario Kart\Debug\link.4360.read.1.tlog
C:\Users\Yatch\Desktop\MHacksV\MarioCart\leapmotion\Super Mario Kart\Super Mario Kart\Debug\link.4360.write.1.tlog
C:\Users\Yatch\Desktop\MHacksV\MarioCart\leapmotion\Super Mario Kart\Super Mario Kart\Debug\link.command.1.tlog
C:\Users\Yatch\Desktop\MHacksV\MarioCart\leapmotion\Super Mario Kart\Super Mario Kart\Debug\link.read.1.tlog
C:\Users\Yatch\Desktop\MHacksV\MarioCart\leapmotion\Super Mario Kart\Super Mario Kart\Debug\link.write.1.tlog
C:\Users\Yatch\Desktop\MHacksV\MarioCart\leapmotion\Super Mario Kart\Super Mario Kart\Debug\vc110.idb
C:\Users\Yatch\Desktop\MHacksV\MarioCart\leapmotion\Super Mario Kart\Super Mario Kart\Debug\vc110.pdb
C:\Users\Yatch\Desktop\MHacksV\MarioCart\leapmotion\Super Mario Kart\Debug\Super Mario Kart.pdb
C:\Users\Yatch\Desktop\MHacksV\MarioCart\leapmotion\Super Mario Kart\Debug\Super Mario Kart.exe
C:\Users\Yatch\Desktop\MHacksV\MarioCart\leapmotion\Super Mario Kart\Debug\Super Mario Kart.ilk
