Build started 1/17/2015 3:21:18 PM.
     1>Project "C:\Users\Yatch\documents\visual studio 2012\Projects\Super Mario Kart\Super Mario Kart\Super Mario Kart.vcxproj" on node 2 (Build target(s)).
     1>ClCompile:
         C:\Program Files (x86)\Microsoft Visual Studio 11.0\VC\bin\CL.exe /c /IC:\Users\Yatch\Desktop\Leap_Motion_SDK_Windows_2.2.2\LeapDeveloperKit_2.2.2+24469_win\LeapSDK\include /Zi /nologo /W3 /WX- /O2 /Oi /Oy- /GL /D WIN32 /D NDEBUG /D _CONSOLE /D _UNICODE /D UNICODE /Gm- /EHsc /MD /GS /Gy /fp:precise /Zc:wchar_t /Zc:forScope /Fo"Release\\" /Fd"Release\vc110.pdb" /Gd /TP /analyze- /errorReport:prompt main.cpp
         main.cpp
       Link:
         C:\Program Files (x86)\Microsoft Visual Studio 11.0\VC\bin\link.exe /ERRORREPORT:PROMPT /OUT:"C:\Users\Yatch\documents\visual studio 2012\Projects\Super Mario Kart\Release\Super Mario Kart.exe" /INCREMENTAL:NO /NOLOGO /LIBPATH:C:\Users\Yatch\Desktop\Leap_Motion_SDK_Windows_2.2.2\LeapDeveloperKit_2.2.2+24469_win\LeapSDK\lib\x86 Leap.lib kernel32.lib user32.lib gdi32.lib winspool.lib comdlg32.lib advapi32.lib shell32.lib ole32.lib oleaut32.lib uuid.lib odbc32.lib odbccp32.lib /MANIFEST /MANIFESTUAC:"level='asInvoker' uiAccess='false'" /manifest:embed /DEBUG /PDB:"C:\Users\Yatch\documents\visual studio 2012\Projects\Super Mario Kart\Release\Super Mario Kart.pdb" /SUBSYSTEM:CONSOLE /OPT:REF /OPT:ICF /LTCG /TLBID:1 /DYNAMICBASE /NXCOMPAT /IMPLIB:"C:\Users\Yatch\documents\visual studio 2012\Projects\Super Mario Kart\Release\Super Mario Kart.lib" /MACHINE:X86 /SAFESEH Release\main.obj
         Generating code
         Finished generating code
         Super Mario Kart.vcxproj -> C:\Users\Yatch\documents\visual studio 2012\Projects\Super Mario Kart\Release\Super Mario Kart.exe
       PostBuildEvent:
         xcopy /yr "C:\Users\Yatch\Desktop\Leap_Motion_SDK_Windows_2.2.2\LeapDeveloperKit_2.2.2+24469_win\LeapSDK\lib\x86\Leap.dll" "C:\Users\Yatch\documents\visual studio 2012\Projects\Super Mario Kart\Release\"
         xcopy /yr "C:\Users\Yatch\Desktop\Leap_Motion_SDK_Windows_2.2.2\LeapDeveloperKit_2.2.2+24469_win\LeapSDK\lib\x86\msvcp120.dll" "C:\Users\Yatch\documents\visual studio 2012\Projects\Super Mario Kart\Release\"
         xcopy /yr "C:\Users\Yatch\Desktop\Leap_Motion_SDK_Windows_2.2.2\LeapDeveloperKit_2.2.2+24469_win\LeapSDK\lib\x86\msvcr120.dll" "C:\Users\Yatch\documents\visual studio 2012\Projects\Super Mario Kart\Release\"
         :VCEnd
         C:\Users\Yatch\Desktop\Leap_Motion_SDK_Windows_2.2.2\LeapDeveloperKit_2.2.2+24469_win\LeapSDK\lib\x86\Leap.dll
         1 File(s) copied
         C:\Users\Yatch\Desktop\Leap_Motion_SDK_Windows_2.2.2\LeapDeveloperKit_2.2.2+24469_win\LeapSDK\lib\x86\msvcp120.dll
         1 File(s) copied
         C:\Users\Yatch\Desktop\Leap_Motion_SDK_Windows_2.2.2\LeapDeveloperKit_2.2.2+24469_win\LeapSDK\lib\x86\msvcr120.dll
         1 File(s) copied
     1>Done Building Project "C:\Users\Yatch\documents\visual studio 2012\Projects\Super Mario Kart\Super Mario Kart\Super Mario Kart.vcxproj" (Build target(s)).

Build succeeded.

Time Elapsed 00:00:01.06
